2021-07-07 12:05:33.800  INFO 4700 --- [restartedMain] com.cg.spring.boot.demo.Application      : Starting Application using Java 16.0.1 on Hp with PID 4700 (C:\Users\Sangamesh\Documents\workspace-spring-tool-suite-4-4.11.0.RELEASE\com.cg.spring.boot.demo.june2021-main\target\classes started by Sangamesh in C:\Users\Sangamesh\Documents\workspace-spring-tool-suite-4-4.11.0.RELEASE\com.cg.spring.boot.demo.june2021-main)
2021-07-07 12:05:33.982  INFO 4700 --- [restartedMain] com.cg.spring.boot.demo.Application      : No active profile set, falling back to default profiles: default
2021-07-07 12:05:34.917  INFO 4700 --- [restartedMain] .e.DevToolsPropertyDefaultsPostProcessor : Devtools property defaults active! Set 'spring.devtools.add-properties' to 'false' to disable
2021-07-07 12:05:34.921  INFO 4700 --- [restartedMain] .e.DevToolsPropertyDefaultsPostProcessor : For additional web related logging consider setting the 'logging.level.web' property to 'DEBUG'
2021-07-07 12:05:47.645  INFO 4700 --- [restartedMain] .s.d.r.c.RepositoryConfigurationDelegate : Bootstrapping Spring Data JPA repositories in DEFAULT mode.
2021-07-07 12:05:48.246  INFO 4700 --- [restartedMain] .s.d.r.c.RepositoryConfigurationDelegate : Finished Spring Data repository scanning in 567 ms. Found 1 JPA repository interfaces.
2021-07-07 12:05:52.683  INFO 4700 --- [restartedMain] o.s.b.w.embedded.tomcat.TomcatWebServer  : Tomcat initialized with port(s): 8082 (http)
2021-07-07 12:05:52.931  INFO 4700 --- [restartedMain] o.apache.catalina.core.StandardService   : Starting service [Tomcat]
2021-07-07 12:05:52.932  INFO 4700 --- [restartedMain] org.apache.catalina.core.StandardEngine  : Starting Servlet engine: [Apache Tomcat/9.0.48]
2021-07-07 12:05:55.924  INFO 4700 --- [restartedMain] o.a.c.c.C.[Tomcat].[localhost].[/]       : Initializing Spring embedded WebApplicationContext
2021-07-07 12:05:55.925  INFO 4700 --- [restartedMain] w.s.c.ServletWebServerApplicationContext : Root WebApplicationContext: initialization completed in 20800 ms
2021-07-07 12:05:57.603  INFO 4700 --- [restartedMain] o.hibernate.jpa.internal.util.LogHelper  : HHH000204: Processing PersistenceUnitInfo [name: default]
2021-07-07 12:05:58.731  INFO 4700 --- [restartedMain] org.hibernate.Version                    : HHH000412: Hibernate ORM core version 5.4.32.Final
2021-07-07 12:06:02.784  INFO 4700 --- [restartedMain] o.hibernate.annotations.common.Version   : HCANN000001: Hibernate Commons Annotations {5.1.2.Final}
2021-07-07 12:06:04.311  INFO 4700 --- [restartedMain] com.zaxxer.hikari.HikariDataSource       : HikariPool-1 - Starting...
2021-07-07 12:06:06.313  INFO 4700 --- [restartedMain] com.zaxxer.hikari.HikariDataSource       : HikariPool-1 - Start completed.
2021-07-07 12:06:06.768  INFO 4700 --- [restartedMain] org.hibernate.dialect.Dialect            : HHH000400: Using dialect: org.hibernate.dialect.PostgreSQLDialect
2021-07-07 12:06:16.242  INFO 4700 --- [restartedMain] o.h.e.t.j.p.i.JtaPlatformInitiator       : HHH000490: Using JtaPlatform implementation: [org.hibernate.engine.transaction.jta.platform.internal.NoJtaPlatform]
2021-07-07 12:06:16.313  INFO 4700 --- [restartedMain] j.LocalContainerEntityManagerFactoryBean : Initialized JPA EntityManagerFactory for persistence unit 'default'
2021-07-07 12:06:19.899  WARN 4700 --- [restartedMain] JpaBaseConfiguration$JpaWebConfiguration : spring.jpa.open-in-view is enabled by default. Therefore, database queries may be performed during view rendering. Explicitly configure spring.jpa.open-in-view to disable this warning
2021-07-07 12:06:22.367  INFO 4700 --- [restartedMain] o.s.b.d.a.OptionalLiveReloadServer       : LiveReload server is running on port 35729
2021-07-07 12:06:22.589  INFO 4700 --- [restartedMain] o.s.b.w.embedded.tomcat.TomcatWebServer  : Tomcat started on port(s): 8082 (http) with context path ''
2021-07-07 12:06:22.631  INFO 4700 --- [restartedMain] com.cg.spring.boot.demo.Application      : Started Application in 59.258 seconds (JVM running for 81.887)
2021-07-07 12:06:22.698  INFO 4700 --- [restartedMain] com.cg.spring.boot.demo.Application      : End
2021-07-07 12:12:34.589  INFO 4700 --- [http-nio-8082-exec-1] o.a.c.c.C.[Tomcat].[localhost].[/]       : Initializing Spring DispatcherServlet 'dispatcherServlet'
2021-07-07 12:12:34.680  INFO 4700 --- [http-nio-8082-exec-1] o.s.web.servlet.DispatcherServlet        : Initializing Servlet 'dispatcherServlet'
2021-07-07 12:12:34.729  INFO 4700 --- [http-nio-8082-exec-1] o.s.web.servlet.DispatcherServlet        : Completed initialization in 49 ms
2021-07-07 14:14:44.249  INFO 4700 --- [Thread-5] j.LocalContainerEntityManagerFactoryBean : Closing JPA EntityManagerFactory for persistence unit 'default'
2021-07-07 14:14:49.973  INFO 4700 --- [Thread-5] com.zaxxer.hikari.HikariDataSource       : HikariPool-1 - Shutdown initiated...
2021-07-07 14:14:52.410  INFO 4700 --- [Thread-5] com.zaxxer.hikari.HikariDataSource       : HikariPool-1 - Shutdown completed.
2021-07-07 14:15:21.150  INFO 4700 --- [restartedMain] com.cg.spring.boot.demo.Application      : Start
2021-07-07 14:15:22.625  INFO 4700 --- [restartedMain] com.cg.spring.boot.demo.Application      : Starting Application using Java 16.0.1 on Hp with PID 4700 (C:\Users\Sangamesh\Documents\workspace-spring-tool-suite-4-4.11.0.RELEASE\com.cg.spring.boot.demo.june2021-main\target\classes started by Sangamesh in C:\Users\Sangamesh\Documents\workspace-spring-tool-suite-4-4.11.0.RELEASE\com.cg.spring.boot.demo.june2021-main)
2021-07-07 14:15:22.625  INFO 4700 --- [restartedMain] com.cg.spring.boot.demo.Application      : No active profile set, falling back to default profiles: default
2021-07-07 14:15:26.711  INFO 4700 --- [restartedMain] .s.d.r.c.RepositoryConfigurationDelegate : Bootstrapping Spring Data JPA repositories in DEFAULT mode.
2021-07-07 14:15:26.786  INFO 4700 --- [restartedMain] .s.d.r.c.RepositoryConfigurationDelegate : Finished Spring Data repository scanning in 63 ms. Found 1 JPA repository interfaces.
2021-07-07 14:15:27.621  INFO 4700 --- [restartedMain] o.s.b.w.embedded.tomcat.TomcatWebServer  : Tomcat initialized with port(s): 8082 (http)
2021-07-07 14:15:27.634  INFO 4700 --- [restartedMain] o.apache.catalina.core.StandardService   : Starting service [Tomcat]
2021-07-07 14:15:27.635  INFO 4700 --- [restartedMain] org.apache.catalina.core.StandardEngine  : Starting Servlet engine: [Apache Tomcat/9.0.48]
2021-07-07 14:15:27.824  INFO 4700 --- [restartedMain] o.a.c.c.C.[Tomcat].[localhost].[/]       : Initializing Spring embedded WebApplicationContext
2021-07-07 14:15:27.825  INFO 4700 --- [restartedMain] w.s.c.ServletWebServerApplicationContext : Root WebApplicationContext: initialization completed in 5173 ms
2021-07-07 14:15:28.142  INFO 4700 --- [restartedMain] o.hibernate.jpa.internal.util.LogHelper  : HHH000204: Processing PersistenceUnitInfo [name: default]
2021-07-07 14:15:28.198  INFO 4700 --- [restartedMain] com.zaxxer.hikari.HikariDataSource       : HikariPool-2 - Starting...
2021-07-07 14:15:28.369  INFO 4700 --- [restartedMain] com.zaxxer.hikari.HikariDataSource       : HikariPool-2 - Start completed.
2021-07-07 14:15:28.408  INFO 4700 --- [restartedMain] org.hibernate.dialect.Dialect            : HHH000400: Using dialect: org.hibernate.dialect.PostgreSQLDialect
2021-07-07 14:15:29.504  INFO 4700 --- [restartedMain] o.h.e.t.j.p.i.JtaPlatformInitiator       : HHH000490: Using JtaPlatform implementation: [org.hibernate.engine.transaction.jta.platform.internal.NoJtaPlatform]
2021-07-07 14:15:29.506  INFO 4700 --- [restartedMain] j.LocalContainerEntityManagerFactoryBean : Initialized JPA EntityManagerFactory for persistence unit 'default'
2021-07-07 14:15:30.707  INFO 4700 --- [restartedMain] com.cg.spring.boot.demo.SwaggerConfig    : Docket api
2021-07-07 14:15:31.017  WARN 4700 --- [restartedMain] JpaBaseConfiguration$JpaWebConfiguration : spring.jpa.open-in-view is enabled by default. Therefore, database queries may be performed during view rendering. Explicitly configure spring.jpa.open-in-view to disable this warning
2021-07-07 14:15:31.386  INFO 4700 --- [restartedMain] o.s.b.d.a.OptionalLiveReloadServer       : LiveReload server is running on port 35729
2021-07-07 14:15:31.631  INFO 4700 --- [restartedMain] o.s.b.w.embedded.tomcat.TomcatWebServer  : Tomcat started on port(s): 8082 (http) with context path ''
2021-07-07 14:15:32.770  INFO 4700 --- [restartedMain] com.cg.spring.boot.demo.Application      : Started Application in 11.147 seconds (JVM running for 7832.025)
2021-07-07 14:15:32.842  INFO 4700 --- [restartedMain] .ConditionEvaluationDeltaLoggingListener : Condition evaluation delta:


==========================
CONDITION EVALUATION DELTA
==========================


Positive matches:
-----------------

   SpringfoxWebMvcConfiguration matched:
      - found 'session' scope (OnWebApplicationCondition)

   Swagger2ControllerWebMvc matched:
      - found 'session' scope (OnWebApplicationCondition)

   Swagger2WebMvcConfiguration matched:
      - found 'session' scope (OnWebApplicationCondition)

   WebMvcRequestHandlerProvider matched:
      - found 'session' scope (OnWebApplicationCondition)


Negative matches:
-----------------

   SpringfoxWebFluxConfiguration:
      Did not match:
         - did not find reactive web application classes (OnWebApplicationCondition)

   Swagger2ControllerWebFlux:
      Did not match:
         - did not find reactive web application classes (OnWebApplicationCondition)

   Swagger2WebFluxConfiguration:
      Did not match:
         - did not find reactive web application classes (OnWebApplicationCondition)

   WebFluxRequestHandlerProvider:
      Did not match:
         - did not find reactive web application classes (OnWebApplicationCondition)


Exclusions:
-----------

    None


Unconditional classes:
----------------------

    None



2021-07-07 14:15:32.843  INFO 4700 --- [restartedMain] com.cg.spring.boot.demo.Application      : End
2021-07-07 14:15:33.015  INFO 4700 --- [Thread-7] j.LocalContainerEntityManagerFactoryBean : Closing JPA EntityManagerFactory for persistence unit 'default'
2021-07-07 14:15:33.017  INFO 4700 --- [Thread-7] com.zaxxer.hikari.HikariDataSource       : HikariPool-2 - Shutdown initiated...
2021-07-07 14:15:33.025  INFO 4700 --- [Thread-7] com.zaxxer.hikari.HikariDataSource       : HikariPool-2 - Shutdown completed.
2021-07-07 14:15:33.169  INFO 4700 --- [restartedMain] com.cg.spring.boot.demo.Application      : Start
2021-07-07 14:15:33.253  INFO 4700 --- [restartedMain] com.cg.spring.boot.demo.Application      : Starting Application using Java 16.0.1 on Hp with PID 4700 (C:\Users\Sangamesh\Documents\workspace-spring-tool-suite-4-4.11.0.RELEASE\com.cg.spring.boot.demo.june2021-main\target\classes started by Sangamesh in C:\Users\Sangamesh\Documents\workspace-spring-tool-suite-4-4.11.0.RELEASE\com.cg.spring.boot.demo.june2021-main)
2021-07-07 14:15:33.253  INFO 4700 --- [restartedMain] com.cg.spring.boot.demo.Application      : No active profile set, falling back to default profiles: default
2021-07-07 14:15:33.854  INFO 4700 --- [restartedMain] .s.d.r.c.RepositoryConfigurationDelegate : Bootstrapping Spring Data JPA repositories in DEFAULT mode.
2021-07-07 14:15:33.881  INFO 4700 --- [restartedMain] .s.d.r.c.RepositoryConfigurationDelegate : Finished Spring Data repository scanning in 26 ms. Found 1 JPA repository interfaces.
2021-07-07 14:15:34.039  INFO 4700 --- [restartedMain] o.s.b.w.embedded.tomcat.TomcatWebServer  : Tomcat initialized with port(s): 8082 (http)
2021-07-07 14:15:34.040  INFO 4700 --- [restartedMain] o.apache.catalina.core.StandardService   : Starting service [Tomcat]
2021-07-07 14:15:34.041  INFO 4700 --- [restartedMain] org.apache.catalina.core.StandardEngine  : Starting Servlet engine: [Apache Tomcat/9.0.48]
2021-07-07 14:15:34.084  INFO 4700 --- [restartedMain] o.a.c.c.C.[Tomcat].[localhost].[/]       : Initializing Spring embedded WebApplicationContext
2021-07-07 14:15:34.085  INFO 4700 --- [restartedMain] w.s.c.ServletWebServerApplicationContext : Root WebApplicationContext: initialization completed in 826 ms
2021-07-07 14:15:34.149  INFO 4700 --- [restartedMain] o.hibernate.jpa.internal.util.LogHelper  : HHH000204: Processing PersistenceUnitInfo [name: default]
2021-07-07 14:15:34.177  INFO 4700 --- [restartedMain] com.zaxxer.hikari.HikariDataSource       : HikariPool-3 - Starting...
2021-07-07 14:15:34.246  INFO 4700 --- [restartedMain] com.zaxxer.hikari.HikariDataSource       : HikariPool-3 - Start completed.
2021-07-07 14:15:34.247  INFO 4700 --- [restartedMain] org.hibernate.dialect.Dialect            : HHH000400: Using dialect: org.hibernate.dialect.PostgreSQLDialect
2021-07-07 14:15:34.602  INFO 4700 --- [restartedMain] o.h.e.t.j.p.i.JtaPlatformInitiator       : HHH000490: Using JtaPlatform implementation: [org.hibernate.engine.transaction.jta.platform.internal.NoJtaPlatform]
2021-07-07 14:15:34.603  INFO 4700 --- [restartedMain] j.LocalContainerEntityManagerFactoryBean : Initialized JPA EntityManagerFactory for persistence unit 'default'
2021-07-07 14:15:34.805  INFO 4700 --- [restartedMain] com.cg.spring.boot.demo.SwaggerConfig    : Docket api
2021-07-07 14:15:34.979  WARN 4700 --- [restartedMain] JpaBaseConfiguration$JpaWebConfiguration : spring.jpa.open-in-view is enabled by default. Therefore, database queries may be performed during view rendering. Explicitly configure spring.jpa.open-in-view to disable this warning
2021-07-07 14:15:35.147  INFO 4700 --- [restartedMain] o.s.b.d.a.OptionalLiveReloadServer       : LiveReload server is running on port 35729
2021-07-07 14:15:35.245  INFO 4700 --- [restartedMain] o.s.b.w.embedded.tomcat.TomcatWebServer  : Tomcat started on port(s): 8082 (http) with context path ''
2021-07-07 14:15:35.424  INFO 4700 --- [restartedMain] com.cg.spring.boot.demo.Application      : Started Application in 2.242 seconds (JVM running for 7834.679)
2021-07-07 14:15:35.426  INFO 4700 --- [restartedMain] .ConditionEvaluationDeltaLoggingListener : Condition evaluation unchanged
2021-07-07 14:15:35.427  INFO 4700 --- [restartedMain] com.cg.spring.boot.demo.Application      : End
2021-07-07 14:15:54.944  INFO 4700 --- [Thread-11] j.LocalContainerEntityManagerFactoryBean : Closing JPA EntityManagerFactory for persistence unit 'default'
2021-07-07 14:15:54.945  INFO 4700 --- [Thread-11] com.zaxxer.hikari.HikariDataSource       : HikariPool-3 - Shutdown initiated...
2021-07-07 14:15:54.952  INFO 4700 --- [Thread-11] com.zaxxer.hikari.HikariDataSource       : HikariPool-3 - Shutdown completed.
2021-07-07 14:16:00.618  INFO 4700 --- [restartedMain] com.cg.spring.boot.demo.Application      : Start
2021-07-07 14:16:00.756  INFO 4700 --- [restartedMain] com.cg.spring.boot.demo.Application      : Starting Application using Java 16.0.1 on Hp with PID 4700 (C:\Users\Sangamesh\Documents\workspace-spring-tool-suite-4-4.11.0.RELEASE\com.cg.spring.boot.demo.june2021-main\target\classes started by Sangamesh in C:\Users\Sangamesh\Documents\workspace-spring-tool-suite-4-4.11.0.RELEASE\com.cg.spring.boot.demo.june2021-main)
2021-07-07 14:16:00.763  INFO 4700 --- [restartedMain] com.cg.spring.boot.demo.Application      : No active profile set, falling back to default profiles: default
2021-07-07 14:16:01.495  INFO 4700 --- [restartedMain] .s.d.r.c.RepositoryConfigurationDelegate : Bootstrapping Spring Data JPA repositories in DEFAULT mode.
2021-07-07 14:16:01.534  INFO 4700 --- [restartedMain] .s.d.r.c.RepositoryConfigurationDelegate : Finished Spring Data repository scanning in 38 ms. Found 1 JPA repository interfaces.
2021-07-07 14:16:01.716  INFO 4700 --- [restartedMain] o.s.b.w.embedded.tomcat.TomcatWebServer  : Tomcat initialized with port(s): 8082 (http)
2021-07-07 14:16:01.717  INFO 4700 --- [restartedMain] o.apache.catalina.core.StandardService   : Starting service [Tomcat]
2021-07-07 14:16:01.717  INFO 4700 --- [restartedMain] org.apache.catalina.core.StandardEngine  : Starting Servlet engine: [Apache Tomcat/9.0.48]
2021-07-07 14:16:01.776  INFO 4700 --- [restartedMain] o.a.c.c.C.[Tomcat].[localhost].[/]       : Initializing Spring embedded WebApplicationContext
2021-07-07 14:16:01.783  INFO 4700 --- [restartedMain] w.s.c.ServletWebServerApplicationContext : Root WebApplicationContext: initialization completed in 1015 ms
2021-07-07 14:16:01.877  INFO 4700 --- [restartedMain] o.hibernate.jpa.internal.util.LogHelper  : HHH000204: Processing PersistenceUnitInfo [name: default]
2021-07-07 14:16:01.899  INFO 4700 --- [restartedMain] com.zaxxer.hikari.HikariDataSource       : HikariPool-4 - Starting...
2021-07-07 14:16:01.977  INFO 4700 --- [restartedMain] com.zaxxer.hikari.HikariDataSource       : HikariPool-4 - Start completed.
2021-07-07 14:16:01.978  INFO 4700 --- [restartedMain] org.hibernate.dialect.Dialect            : HHH000400: Using dialect: org.hibernate.dialect.PostgreSQLDialect
2021-07-07 14:16:02.272  INFO 4700 --- [restartedMain] o.h.e.t.j.p.i.JtaPlatformInitiator       : HHH000490: Using JtaPlatform implementation: [org.hibernate.engine.transaction.jta.platform.internal.NoJtaPlatform]
2021-07-07 14:16:02.273  INFO 4700 --- [restartedMain] j.LocalContainerEntityManagerFactoryBean : Initialized JPA EntityManagerFactory for persistence unit 'default'
2021-07-07 14:16:02.565  INFO 4700 --- [restartedMain] com.cg.spring.boot.demo.SwaggerConfig    : Docket api
2021-07-07 14:16:02.648  WARN 4700 --- [restartedMain] JpaBaseConfiguration$JpaWebConfiguration : spring.jpa.open-in-view is enabled by default. Therefore, database queries may be performed during view rendering. Explicitly configure spring.jpa.open-in-view to disable this warning
2021-07-07 14:16:02.807  INFO 4700 --- [restartedMain] o.s.b.d.a.OptionalLiveReloadServer       : LiveReload server is running on port 35729
2021-07-07 14:16:02.951  INFO 4700 --- [restartedMain] o.s.b.w.embedded.tomcat.TomcatWebServer  : Tomcat started on port(s): 8082 (http) with context path ''
2021-07-07 14:16:03.122  INFO 4700 --- [restartedMain] com.cg.spring.boot.demo.Application      : Started Application in 2.494 seconds (JVM running for 7862.377)
2021-07-07 14:16:03.124  INFO 4700 --- [restartedMain] .ConditionEvaluationDeltaLoggingListener : Condition evaluation unchanged
2021-07-07 14:16:03.125  INFO 4700 --- [restartedMain] com.cg.spring.boot.demo.Application      : End
2021-07-07 14:17:54.061  INFO 4700 --- [Thread-15] j.LocalContainerEntityManagerFactoryBean : Closing JPA EntityManagerFactory for persistence unit 'default'
2021-07-07 14:17:54.063  INFO 4700 --- [Thread-15] com.zaxxer.hikari.HikariDataSource       : HikariPool-4 - Shutdown initiated...
2021-07-07 14:17:54.071  INFO 4700 --- [Thread-15] com.zaxxer.hikari.HikariDataSource       : HikariPool-4 - Shutdown completed.
2021-07-07 14:17:54.195  INFO 4700 --- [restartedMain] com.cg.spring.boot.demo.Application      : Start
2021-07-07 14:17:54.271  INFO 4700 --- [restartedMain] com.cg.spring.boot.demo.Application      : Starting Application using Java 16.0.1 on Hp with PID 4700 (C:\Users\Sangamesh\Documents\workspace-spring-tool-suite-4-4.11.0.RELEASE\com.cg.spring.boot.demo.june2021-main\target\classes started by Sangamesh in C:\Users\Sangamesh\Documents\workspace-spring-tool-suite-4-4.11.0.RELEASE\com.cg.spring.boot.demo.june2021-main)
2021-07-07 14:17:54.271  INFO 4700 --- [restartedMain] com.cg.spring.boot.demo.Application      : No active profile set, falling back to default profiles: default
2021-07-07 14:17:54.817  INFO 4700 --- [restartedMain] .s.d.r.c.RepositoryConfigurationDelegate : Bootstrapping Spring Data JPA repositories in DEFAULT mode.
2021-07-07 14:17:54.846  INFO 4700 --- [restartedMain] .s.d.r.c.RepositoryConfigurationDelegate : Finished Spring Data repository scanning in 29 ms. Found 1 JPA repository interfaces.
2021-07-07 14:17:55.023  INFO 4700 --- [restartedMain] o.s.b.w.embedded.tomcat.TomcatWebServer  : Tomcat initialized with port(s): 8082 (http)
2021-07-07 14:17:55.024  INFO 4700 --- [restartedMain] o.apache.catalina.core.StandardService   : Starting service [Tomcat]
2021-07-07 14:17:55.024  INFO 4700 --- [restartedMain] org.apache.catalina.core.StandardEngine  : Starting Servlet engine: [Apache Tomcat/9.0.48]
2021-07-07 14:17:55.076  INFO 4700 --- [restartedMain] o.a.c.c.C.[Tomcat].[localhost].[/]       : Initializing Spring embedded WebApplicationContext
2021-07-07 14:17:55.076  INFO 4700 --- [restartedMain] w.s.c.ServletWebServerApplicationContext : Root WebApplicationContext: initialization completed in 800 ms
2021-07-07 14:17:55.149  INFO 4700 --- [restartedMain] o.hibernate.jpa.internal.util.LogHelper  : HHH000204: Processing PersistenceUnitInfo [name: default]
2021-07-07 14:17:55.162  INFO 4700 --- [restartedMain] com.zaxxer.hikari.HikariDataSource       : HikariPool-5 - Starting...
2021-07-07 14:17:55.239  INFO 4700 --- [restartedMain] com.zaxxer.hikari.HikariDataSource       : HikariPool-5 - Start completed.
2021-07-07 14:17:55.240  INFO 4700 --- [restartedMain] org.hibernate.dialect.Dialect            : HHH000400: Using dialect: org.hibernate.dialect.PostgreSQLDialect
2021-07-07 14:17:55.511  INFO 4700 --- [restartedMain] o.h.e.t.j.p.i.JtaPlatformInitiator       : HHH000490: Using JtaPlatform implementation: [org.hibernate.engine.transaction.jta.platform.internal.NoJtaPlatform]
2021-07-07 14:17:55.512  INFO 4700 --- [restartedMain] j.LocalContainerEntityManagerFactoryBean : Initialized JPA EntityManagerFactory for persistence unit 'default'
2021-07-07 14:17:55.742  INFO 4700 --- [restartedMain] com.cg.spring.boot.demo.SwaggerConfig    : Docket api
2021-07-07 14:17:55.807  WARN 4700 --- [restartedMain] JpaBaseConfiguration$JpaWebConfiguration : spring.jpa.open-in-view is enabled by default. Therefore, database queries may be performed during view rendering. Explicitly configure spring.jpa.open-in-view to disable this warning
2021-07-07 14:17:55.936  INFO 4700 --- [restartedMain] o.s.b.d.a.OptionalLiveReloadServer       : LiveReload server is running on port 35729
2021-07-07 14:17:56.082  INFO 4700 --- [restartedMain] o.s.b.w.embedded.tomcat.TomcatWebServer  : Tomcat started on port(s): 8082 (http) with context path ''
2021-07-07 14:17:56.254  INFO 4700 --- [restartedMain] com.cg.spring.boot.demo.Application      : Started Application in 2.044 seconds (JVM running for 7975.509)
2021-07-07 14:17:56.257  INFO 4700 --- [restartedMain] .ConditionEvaluationDeltaLoggingListener : Condition evaluation unchanged
2021-07-07 14:17:56.257  INFO 4700 --- [restartedMain] com.cg.spring.boot.demo.Application      : End
2021-07-07 14:27:09.134  INFO 4700 --- [Thread-21] j.LocalContainerEntityManagerFactoryBean : Closing JPA EntityManagerFactory for persistence unit 'default'
2021-07-07 14:27:09.137  INFO 4700 --- [Thread-21] com.zaxxer.hikari.HikariDataSource       : HikariPool-5 - Shutdown initiated...
2021-07-07 14:27:09.179  INFO 4700 --- [Thread-21] com.zaxxer.hikari.HikariDataSource       : HikariPool-5 - Shutdown completed.
2021-07-07 14:27:10.461  INFO 4700 --- [restartedMain] com.cg.spring.boot.demo.Application      : Start
2021-07-07 14:27:24.918  INFO 4700 --- [restartedMain] com.cg.spring.boot.demo.Application      : Starting Application using Java 16.0.1 on Hp with PID 4700 (C:\Users\Sangamesh\Documents\workspace-spring-tool-suite-4-4.11.0.RELEASE\com.cg.spring.boot.demo.june2021-main\target\classes started by Sangamesh in C:\Users\Sangamesh\Documents\workspace-spring-tool-suite-4-4.11.0.RELEASE\com.cg.spring.boot.demo.june2021-main)
2021-07-07 14:27:24.919  INFO 4700 --- [restartedMain] com.cg.spring.boot.demo.Application      : No active profile set, falling back to default profiles: default
2021-07-07 14:27:29.612  INFO 4700 --- [restartedMain] .s.d.r.c.RepositoryConfigurationDelegate : Bootstrapping Spring Data JPA repositories in DEFAULT mode.
2021-07-07 14:27:29.808  INFO 4700 --- [restartedMain] .s.d.r.c.RepositoryConfigurationDelegate : Finished Spring Data repository scanning in 195 ms. Found 1 JPA repository interfaces.
2021-07-07 14:27:30.511  INFO 4700 --- [restartedMain] o.s.b.w.embedded.tomcat.TomcatWebServer  : Tomcat initialized with port(s): 8082 (http)
2021-07-07 14:27:30.513  INFO 4700 --- [restartedMain] o.apache.catalina.core.StandardService   : Starting service [Tomcat]
2021-07-07 14:27:30.513  INFO 4700 --- [restartedMain] org.apache.catalina.core.StandardEngine  : Starting Servlet engine: [Apache Tomcat/9.0.48]
2021-07-07 14:27:30.635  INFO 4700 --- [restartedMain] o.a.c.c.C.[Tomcat-1].[localhost].[/]     : Initializing Spring embedded WebApplicationContext
2021-07-07 14:27:30.636  INFO 4700 --- [restartedMain] w.s.c.ServletWebServerApplicationContext : Root WebApplicationContext: initialization completed in 5548 ms
2021-07-07 14:27:30.838  INFO 4700 --- [restartedMain] o.hibernate.jpa.internal.util.LogHelper  : HHH000204: Processing PersistenceUnitInfo [name: default]
2021-07-07 14:27:30.930  INFO 4700 --- [restartedMain] com.zaxxer.hikari.HikariDataSource       : HikariPool-6 - Starting...
2021-07-07 14:27:31.067  INFO 4700 --- [restartedMain] com.zaxxer.hikari.HikariDataSource       : HikariPool-6 - Start completed.
2021-07-07 14:27:31.068  INFO 4700 --- [restartedMain] org.hibernate.dialect.Dialect            : HHH000400: Using dialect: org.hibernate.dialect.PostgreSQLDialect
2021-07-07 14:27:37.922  INFO 4700 --- [restartedMain] o.h.e.t.j.p.i.JtaPlatformInitiator       : HHH000490: Using JtaPlatform implementation: [org.hibernate.engine.transaction.jta.platform.internal.NoJtaPlatform]
2021-07-07 14:27:37.923  INFO 4700 --- [restartedMain] j.LocalContainerEntityManagerFactoryBean : Initialized JPA EntityManagerFactory for persistence unit 'default'
2021-07-07 14:27:40.179  INFO 4700 --- [restartedMain] com.cg.spring.boot.demo.SwaggerConfig    : Docket api
2021-07-07 14:27:40.183  WARN 4700 --- [restartedMain] ConfigServletWebServerApplicationContext : Exception encountered during context initialization - cancelling refresh attempt: org.springframework.beans.factory.BeanCreationException: Error creating bean with name 'inMemorySwaggerResourcesProvider' defined in URL [jar:file:/C:/Users/Sangamesh/.m2/repository/io/springfox/springfox-swagger-common/3.0.0/springfox-swagger-common-3.0.0.jar!/springfox/documentation/swagger/web/InMemorySwaggerResourcesProvider.class]: Bean instantiation via constructor failed; nested exception is org.springframework.beans.BeanInstantiationException: Failed to instantiate [springfox.documentation.swagger.web.InMemorySwaggerResourcesProvider]: Constructor threw exception; nested exception is org.springframework.beans.factory.BeanCreationException: Error creating bean with name 'api' defined in class path resource [com/cg/spring/boot/demo/SwaggerConfig.class]: Bean instantiation via factory method failed; nested exception is org.springframework.beans.BeanInstantiationException: Failed to instantiate [springfox.documentation.spring.web.plugins.Docket]: Factory method 'api' threw exception; nested exception is java.lang.NoSuchMethodError: 'com.google.common.base.Predicate springfox.documentation.builders.RequestHandlerSelectors.any()'
2021-07-07 14:27:40.188  INFO 4700 --- [restartedMain] j.LocalContainerEntityManagerFactoryBean : Closing JPA EntityManagerFactory for persistence unit 'default'
2021-07-07 14:27:40.193  INFO 4700 --- [restartedMain] com.zaxxer.hikari.HikariDataSource       : HikariPool-6 - Shutdown initiated...
2021-07-07 14:27:41.390  INFO 4700 --- [restartedMain] com.zaxxer.hikari.HikariDataSource       : HikariPool-6 - Shutdown completed.
2021-07-07 14:27:41.391  INFO 4700 --- [restartedMain] o.apache.catalina.core.StandardService   : Stopping service [Tomcat]
2021-07-07 14:27:41.416  INFO 4700 --- [restartedMain] ConditionEvaluationReportLoggingListener : 

Error starting ApplicationContext. To display the conditions report re-run your application with 'debug' enabled.
2021-07-07 14:27:41.435 ERROR 4700 --- [restartedMain] o.s.b.d.LoggingFailureAnalysisReporter   : 

***************************
APPLICATION FAILED TO START
***************************

Description:

An attempt was made to call a method that does not exist. The attempt was made from the following location:

    com.cg.spring.boot.demo.SwaggerConfig.api(SwaggerConfig.java:23)

The following method did not exist:

    'com.google.common.base.Predicate springfox.documentation.builders.RequestHandlerSelectors.any()'

The method's class, springfox.documentation.builders.RequestHandlerSelectors, is available from the following locations:

    jar:file:/C:/Users/Sangamesh/.m2/repository/io/springfox/springfox-core/3.0.0/springfox-core-3.0.0.jar!/springfox/documentation/builders/RequestHandlerSelectors.class

The class hierarchy was loaded from the following locations:

    springfox.documentation.builders.RequestHandlerSelectors: file:/C:/Users/Sangamesh/.m2/repository/io/springfox/springfox-core/3.0.0/springfox-core-3.0.0.jar


Action:

Correct the classpath of your application so that it contains a single, compatible version of springfox.documentation.builders.RequestHandlerSelectors

2021-07-07 14:29:06.055  INFO 4700 --- [restartedMain] com.cg.spring.boot.demo.Application      : Start
2021-07-07 14:29:06.152  INFO 4700 --- [restartedMain] com.cg.spring.boot.demo.Application      : Starting Application using Java 16.0.1 on Hp with PID 4700 (C:\Users\Sangamesh\Documents\workspace-spring-tool-suite-4-4.11.0.RELEASE\com.cg.spring.boot.demo.june2021-main\target\classes started by Sangamesh in C:\Users\Sangamesh\Documents\workspace-spring-tool-suite-4-4.11.0.RELEASE\com.cg.spring.boot.demo.june2021-main)
2021-07-07 14:29:06.152  INFO 4700 --- [restartedMain] com.cg.spring.boot.demo.Application      : No active profile set, falling back to default profiles: default
2021-07-07 14:29:06.792  INFO 4700 --- [restartedMain] .s.d.r.c.RepositoryConfigurationDelegate : Bootstrapping Spring Data JPA repositories in DEFAULT mode.
2021-07-07 14:29:06.820  INFO 4700 --- [restartedMain] .s.d.r.c.RepositoryConfigurationDelegate : Finished Spring Data repository scanning in 27 ms. Found 1 JPA repository interfaces.
2021-07-07 14:29:06.993  INFO 4700 --- [restartedMain] o.s.b.w.embedded.tomcat.TomcatWebServer  : Tomcat initialized with port(s): 8082 (http)
2021-07-07 14:29:06.995  INFO 4700 --- [restartedMain] o.apache.catalina.core.StandardService   : Starting service [Tomcat]
2021-07-07 14:29:06.995  INFO 4700 --- [restartedMain] org.apache.catalina.core.StandardEngine  : Starting Servlet engine: [Apache Tomcat/9.0.48]
2021-07-07 14:29:07.038  INFO 4700 --- [restartedMain] o.a.c.c.C.[Tomcat-2].[localhost].[/]     : Initializing Spring embedded WebApplicationContext
2021-07-07 14:29:07.039  INFO 4700 --- [restartedMain] w.s.c.ServletWebServerApplicationContext : Root WebApplicationContext: initialization completed in 882 ms
2021-07-07 14:29:07.095  INFO 4700 --- [restartedMain] o.hibernate.jpa.internal.util.LogHelper  : HHH000204: Processing PersistenceUnitInfo [name: default]
2021-07-07 14:29:07.105  INFO 4700 --- [restartedMain] com.zaxxer.hikari.HikariDataSource       : HikariPool-7 - Starting...
2021-07-07 14:29:07.177  INFO 4700 --- [restartedMain] com.zaxxer.hikari.HikariDataSource       : HikariPool-7 - Start completed.
2021-07-07 14:29:07.179  INFO 4700 --- [restartedMain] org.hibernate.dialect.Dialect            : HHH000400: Using dialect: org.hibernate.dialect.PostgreSQLDialect
2021-07-07 14:29:07.468  INFO 4700 --- [restartedMain] o.h.e.t.j.p.i.JtaPlatformInitiator       : HHH000490: Using JtaPlatform implementation: [org.hibernate.engine.transaction.jta.platform.internal.NoJtaPlatform]
2021-07-07 14:29:07.470  INFO 4700 --- [restartedMain] j.LocalContainerEntityManagerFactoryBean : Initialized JPA EntityManagerFactory for persistence unit 'default'
2021-07-07 14:29:07.696  INFO 4700 --- [restartedMain] com.cg.spring.boot.demo.SwaggerConfig    : Docket api
2021-07-07 14:29:07.697  WARN 4700 --- [restartedMain] ConfigServletWebServerApplicationContext : Exception encountered during context initialization - cancelling refresh attempt: org.springframework.beans.factory.BeanCreationException: Error creating bean with name 'inMemorySwaggerResourcesProvider' defined in URL [jar:file:/C:/Users/Sangamesh/.m2/repository/io/springfox/springfox-swagger-common/3.0.0/springfox-swagger-common-3.0.0.jar!/springfox/documentation/swagger/web/InMemorySwaggerResourcesProvider.class]: Bean instantiation via constructor failed; nested exception is org.springframework.beans.BeanInstantiationException: Failed to instantiate [springfox.documentation.swagger.web.InMemorySwaggerResourcesProvider]: Constructor threw exception; nested exception is org.springframework.beans.factory.BeanCreationException: Error creating bean with name 'api' defined in class path resource [com/cg/spring/boot/demo/SwaggerConfig.class]: Bean instantiation via factory method failed; nested exception is org.springframework.beans.BeanInstantiationException: Failed to instantiate [springfox.documentation.spring.web.plugins.Docket]: Factory method 'api' threw exception; nested exception is java.lang.NoSuchMethodError: 'com.google.common.base.Predicate springfox.documentation.builders.RequestHandlerSelectors.any()'
2021-07-07 14:29:07.698  INFO 4700 --- [restartedMain] j.LocalContainerEntityManagerFactoryBean : Closing JPA EntityManagerFactory for persistence unit 'default'
2021-07-07 14:29:07.698  INFO 4700 --- [restartedMain] com.zaxxer.hikari.HikariDataSource       : HikariPool-7 - Shutdown initiated...
2021-07-07 14:29:07.947  INFO 4700 --- [restartedMain] com.zaxxer.hikari.HikariDataSource       : HikariPool-7 - Shutdown completed.
2021-07-07 14:29:07.949  INFO 4700 --- [restartedMain] o.apache.catalina.core.StandardService   : Stopping service [Tomcat]
2021-07-07 14:29:07.963  INFO 4700 --- [restartedMain] ConditionEvaluationReportLoggingListener : 

Error starting ApplicationContext. To display the conditions report re-run your application with 'debug' enabled.
2021-07-07 14:29:07.970 ERROR 4700 --- [restartedMain] o.s.b.d.LoggingFailureAnalysisReporter   : 

***************************
APPLICATION FAILED TO START
***************************

Description:

An attempt was made to call a method that does not exist. The attempt was made from the following location:

    com.cg.spring.boot.demo.SwaggerConfig.api(SwaggerConfig.java:23)

The following method did not exist:

    'com.google.common.base.Predicate springfox.documentation.builders.RequestHandlerSelectors.any()'

The method's class, springfox.documentation.builders.RequestHandlerSelectors, is available from the following locations:

    jar:file:/C:/Users/Sangamesh/.m2/repository/io/springfox/springfox-core/3.0.0/springfox-core-3.0.0.jar!/springfox/documentation/builders/RequestHandlerSelectors.class

The class hierarchy was loaded from the following locations:

    springfox.documentation.builders.RequestHandlerSelectors: file:/C:/Users/Sangamesh/.m2/repository/io/springfox/springfox-core/3.0.0/springfox-core-3.0.0.jar


Action:

Correct the classpath of your application so that it contains a single, compatible version of springfox.documentation.builders.RequestHandlerSelectors

2021-07-07 14:32:43.662  INFO 4700 --- [restartedMain] com.cg.spring.boot.demo.Application      : Start
2021-07-07 14:32:50.945  INFO 4700 --- [restartedMain] com.cg.spring.boot.demo.Application      : Starting Application using Java 16.0.1 on Hp with PID 4700 (C:\Users\Sangamesh\Documents\workspace-spring-tool-suite-4-4.11.0.RELEASE\com.cg.spring.boot.demo.june2021-main\target\classes started by Sangamesh in C:\Users\Sangamesh\Documents\workspace-spring-tool-suite-4-4.11.0.RELEASE\com.cg.spring.boot.demo.june2021-main)
2021-07-07 14:32:50.945  INFO 4700 --- [restartedMain] com.cg.spring.boot.demo.Application      : No active profile set, falling back to default profiles: default
2021-07-07 14:32:51.512  INFO 4700 --- [restartedMain] .s.d.r.c.RepositoryConfigurationDelegate : Bootstrapping Spring Data JPA repositories in DEFAULT mode.
2021-07-07 14:32:51.532  INFO 4700 --- [restartedMain] .s.d.r.c.RepositoryConfigurationDelegate : Finished Spring Data repository scanning in 18 ms. Found 1 JPA repository interfaces.
2021-07-07 14:32:51.712  INFO 4700 --- [restartedMain] o.s.b.w.embedded.tomcat.TomcatWebServer  : Tomcat initialized with port(s): 8082 (http)
2021-07-07 14:32:51.713  INFO 4700 --- [restartedMain] o.apache.catalina.core.StandardService   : Starting service [Tomcat]
2021-07-07 14:32:51.714  INFO 4700 --- [restartedMain] org.apache.catalina.core.StandardEngine  : Starting Servlet engine: [Apache Tomcat/9.0.48]
2021-07-07 14:32:51.775  INFO 4700 --- [restartedMain] o.a.c.c.C.[Tomcat-4].[localhost].[/]     : Initializing Spring embedded WebApplicationContext
2021-07-07 14:32:51.776  INFO 4700 --- [restartedMain] w.s.c.ServletWebServerApplicationContext : Root WebApplicationContext: initialization completed in 826 ms
2021-07-07 14:32:51.950  INFO 4700 --- [restartedMain] o.hibernate.jpa.internal.util.LogHelper  : HHH000204: Processing PersistenceUnitInfo [name: default]
2021-07-07 14:32:51.965  INFO 4700 --- [restartedMain] com.zaxxer.hikari.HikariDataSource       : HikariPool-8 - Starting...
2021-07-07 14:32:52.386  INFO 4700 --- [restartedMain] com.zaxxer.hikari.HikariDataSource       : HikariPool-8 - Start completed.
2021-07-07 14:32:52.387  INFO 4700 --- [restartedMain] org.hibernate.dialect.Dialect            : HHH000400: Using dialect: org.hibernate.dialect.PostgreSQLDialect
2021-07-07 14:32:53.103  INFO 4700 --- [restartedMain] o.h.e.t.j.p.i.JtaPlatformInitiator       : HHH000490: Using JtaPlatform implementation: [org.hibernate.engine.transaction.jta.platform.internal.NoJtaPlatform]
2021-07-07 14:32:53.104  INFO 4700 --- [restartedMain] j.LocalContainerEntityManagerFactoryBean : Initialized JPA EntityManagerFactory for persistence unit 'default'
2021-07-07 14:32:53.350  INFO 4700 --- [restartedMain] com.cg.spring.boot.demo.SwaggerConfig    : Docket api
2021-07-07 14:32:53.352  WARN 4700 --- [restartedMain] ConfigServletWebServerApplicationContext : Exception encountered during context initialization - cancelling refresh attempt: org.springframework.beans.factory.BeanCreationException: Error creating bean with name 'inMemorySwaggerResourcesProvider' defined in URL [jar:file:/C:/Users/Sangamesh/.m2/repository/io/springfox/springfox-swagger-common/3.0.0/springfox-swagger-common-3.0.0.jar!/springfox/documentation/swagger/web/InMemorySwaggerResourcesProvider.class]: Bean instantiation via constructor failed; nested exception is org.springframework.beans.BeanInstantiationException: Failed to instantiate [springfox.documentation.swagger.web.InMemorySwaggerResourcesProvider]: Constructor threw exception; nested exception is org.springframework.beans.factory.BeanCreationException: Error creating bean with name 'api' defined in class path resource [com/cg/spring/boot/demo/SwaggerConfig.class]: Bean instantiation via factory method failed; nested exception is org.springframework.beans.BeanInstantiationException: Failed to instantiate [springfox.documentation.spring.web.plugins.Docket]: Factory method 'api' threw exception; nested exception is java.lang.NoSuchMethodError: 'com.google.common.base.Predicate springfox.documentation.builders.RequestHandlerSelectors.any()'
2021-07-07 14:32:53.354  INFO 4700 --- [restartedMain] j.LocalContainerEntityManagerFactoryBean : Closing JPA EntityManagerFactory for persistence unit 'default'
2021-07-07 14:32:53.354  INFO 4700 --- [restartedMain] com.zaxxer.hikari.HikariDataSource       : HikariPool-8 - Shutdown initiated...
2021-07-07 14:32:53.360  INFO 4700 --- [restartedMain] com.zaxxer.hikari.HikariDataSource       : HikariPool-8 - Shutdown completed.
2021-07-07 14:32:53.362  INFO 4700 --- [restartedMain] o.apache.catalina.core.StandardService   : Stopping service [Tomcat]
2021-07-07 14:32:53.378  INFO 4700 --- [restartedMain] ConditionEvaluationReportLoggingListener : 

Error starting ApplicationContext. To display the conditions report re-run your application with 'debug' enabled.
2021-07-07 14:32:53.387 ERROR 4700 --- [restartedMain] o.s.b.d.LoggingFailureAnalysisReporter   : 

***************************
APPLICATION FAILED TO START
***************************

Description:

An attempt was made to call a method that does not exist. The attempt was made from the following location:

    com.cg.spring.boot.demo.SwaggerConfig.api(SwaggerConfig.java:23)

The following method did not exist:

    'com.google.common.base.Predicate springfox.documentation.builders.RequestHandlerSelectors.any()'

The method's class, springfox.documentation.builders.RequestHandlerSelectors, is available from the following locations:

    jar:file:/C:/Users/Sangamesh/.m2/repository/io/springfox/springfox-core/3.0.0/springfox-core-3.0.0.jar!/springfox/documentation/builders/RequestHandlerSelectors.class

The class hierarchy was loaded from the following locations:

    springfox.documentation.builders.RequestHandlerSelectors: file:/C:/Users/Sangamesh/.m2/repository/io/springfox/springfox-core/3.0.0/springfox-core-3.0.0.jar


Action:

Correct the classpath of your application so that it contains a single, compatible version of springfox.documentation.builders.RequestHandlerSelectors

2021-07-07 14:33:20.238  INFO 8584 --- [restartedMain] com.cg.spring.boot.demo.Application      : Starting Application using Java 16.0.1 on Hp with PID 8584 (C:\Users\Sangamesh\Documents\workspace-spring-tool-suite-4-4.11.0.RELEASE\com.cg.spring.boot.demo.june2021-main\target\classes started by Sangamesh in C:\Users\Sangamesh\Documents\workspace-spring-tool-suite-4-4.11.0.RELEASE\com.cg.spring.boot.demo.june2021-main)
2021-07-07 14:33:20.240  INFO 8584 --- [restartedMain] com.cg.spring.boot.demo.Application      : No active profile set, falling back to default profiles: default
2021-07-07 14:33:20.547  INFO 8584 --- [restartedMain] .e.DevToolsPropertyDefaultsPostProcessor : Devtools property defaults active! Set 'spring.devtools.add-properties' to 'false' to disable
2021-07-07 14:33:20.548  INFO 8584 --- [restartedMain] .e.DevToolsPropertyDefaultsPostProcessor : For additional web related logging consider setting the 'logging.level.web' property to 'DEBUG'
2021-07-07 14:33:23.882  INFO 8584 --- [restartedMain] .s.d.r.c.RepositoryConfigurationDelegate : Bootstrapping Spring Data JPA repositories in DEFAULT mode.
2021-07-07 14:33:24.028  INFO 8584 --- [restartedMain] .s.d.r.c.RepositoryConfigurationDelegate : Finished Spring Data repository scanning in 121 ms. Found 1 JPA repository interfaces.
2021-07-07 14:33:25.604  INFO 8584 --- [restartedMain] o.s.b.w.embedded.tomcat.TomcatWebServer  : Tomcat initialized with port(s): 8082 (http)
2021-07-07 14:33:25.634  INFO 8584 --- [restartedMain] o.apache.catalina.core.StandardService   : Starting service [Tomcat]
2021-07-07 14:33:25.635  INFO 8584 --- [restartedMain] org.apache.catalina.core.StandardEngine  : Starting Servlet engine: [Apache Tomcat/9.0.48]
2021-07-07 14:33:26.005  INFO 8584 --- [restartedMain] o.a.c.c.C.[Tomcat].[localhost].[/]       : Initializing Spring embedded WebApplicationContext
2021-07-07 14:33:26.006  INFO 8584 --- [restartedMain] w.s.c.ServletWebServerApplicationContext : Root WebApplicationContext: initialization completed in 5456 ms
2021-07-07 14:33:27.019  INFO 8584 --- [restartedMain] o.hibernate.jpa.internal.util.LogHelper  : HHH000204: Processing PersistenceUnitInfo [name: default]
2021-07-07 14:33:27.498  INFO 8584 --- [restartedMain] org.hibernate.Version                    : HHH000412: Hibernate ORM core version 5.4.32.Final
2021-07-07 14:33:28.685  INFO 8584 --- [restartedMain] o.hibernate.annotations.common.Version   : HCANN000001: Hibernate Commons Annotations {5.1.2.Final}
2021-07-07 14:33:29.142  INFO 8584 --- [restartedMain] com.zaxxer.hikari.HikariDataSource       : HikariPool-1 - Starting...
2021-07-07 14:33:29.750  INFO 8584 --- [restartedMain] com.zaxxer.hikari.HikariDataSource       : HikariPool-1 - Start completed.
2021-07-07 14:33:30.188  INFO 8584 --- [restartedMain] org.hibernate.dialect.Dialect            : HHH000400: Using dialect: org.hibernate.dialect.PostgreSQLDialect
2021-07-07 14:33:33.780  INFO 8584 --- [restartedMain] o.h.e.t.j.p.i.JtaPlatformInitiator       : HHH000490: Using JtaPlatform implementation: [org.hibernate.engine.transaction.jta.platform.internal.NoJtaPlatform]
2021-07-07 14:33:33.832  INFO 8584 --- [restartedMain] j.LocalContainerEntityManagerFactoryBean : Initialized JPA EntityManagerFactory for persistence unit 'default'
2021-07-07 14:33:35.412  WARN 8584 --- [restartedMain] JpaBaseConfiguration$JpaWebConfiguration : spring.jpa.open-in-view is enabled by default. Therefore, database queries may be performed during view rendering. Explicitly configure spring.jpa.open-in-view to disable this warning
2021-07-07 14:33:35.726  INFO 8584 --- [restartedMain] pertySourcedRequestMappingHandlerMapping : Mapped URL path [/v2/api-docs] onto method [springfox.documentation.swagger2.web.Swagger2Controller#getDocumentation(String, HttpServletRequest)]
2021-07-07 14:33:35.733  INFO 8584 --- [restartedMain] com.cg.spring.boot.demo.SwaggerConfig    : Docket api
2021-07-07 14:33:36.136  WARN 8584 --- [restartedMain] o.s.b.d.a.OptionalLiveReloadServer       : Unable to start LiveReload server
2021-07-07 14:33:36.653  INFO 8584 --- [restartedMain] o.s.b.w.embedded.tomcat.TomcatWebServer  : Tomcat started on port(s): 8082 (http) with context path ''
2021-07-07 14:33:36.655  INFO 8584 --- [restartedMain] d.s.w.p.DocumentationPluginsBootstrapper : Context refreshed
2021-07-07 14:33:36.689  INFO 8584 --- [restartedMain] d.s.w.p.DocumentationPluginsBootstrapper : Found 1 custom documentation plugin(s)
2021-07-07 14:33:36.735  INFO 8584 --- [restartedMain] s.d.s.w.s.ApiListingReferenceScanner     : Scanning for api listing references
2021-07-07 14:33:37.197  INFO 8584 --- [restartedMain] com.cg.spring.boot.demo.Application      : Started Application in 18.819 seconds (JVM running for 29.592)
2021-07-07 14:33:37.203  INFO 8584 --- [restartedMain] com.cg.spring.boot.demo.Application      : End
2021-07-07 14:33:52.528  INFO 8584 --- [http-nio-8082-exec-1] o.a.c.c.C.[Tomcat].[localhost].[/]       : Initializing Spring DispatcherServlet 'dispatcherServlet'
2021-07-07 14:33:52.529  INFO 8584 --- [http-nio-8082-exec-1] o.s.web.servlet.DispatcherServlet        : Initializing Servlet 'dispatcherServlet'
2021-07-07 14:33:52.532  INFO 8584 --- [http-nio-8082-exec-1] o.s.web.servlet.DispatcherServlet        : Completed initialization in 2 ms
2021-07-07 14:36:35.278  INFO 8584 --- [http-nio-8082-exec-10] c.c.s.b.d.controller.EmployeeController  : getAllEmps
2021-07-07 14:36:35.280  INFO 8584 --- [http-nio-8082-exec-10] c.c.s.boot.demo.service.EmployeeService  : getAllEmployees
2021-07-07 14:38:42.533  INFO 8584 --- [http-nio-8082-exec-3] c.c.s.b.d.controller.EmployeeController  : getemp
2021-07-07 14:38:42.535  INFO 8584 --- [http-nio-8082-exec-3] c.c.s.boot.demo.service.EmployeeService  : findEmployeeById
2021-07-07 14:41:39.001  INFO 8584 --- [http-nio-8082-exec-8] c.c.s.b.d.controller.EmployeeController  : addEmp
2021-07-07 14:41:39.034  INFO 8584 --- [http-nio-8082-exec-8] c.c.s.boot.demo.service.EmployeeService  : addEmployee
2021-07-07 14:46:36.470  INFO 8584 --- [http-nio-8082-exec-6] c.c.s.b.d.controller.EmployeeController  : deleteEmp
2021-07-07 14:46:36.471  INFO 8584 --- [http-nio-8082-exec-6] c.c.s.boot.demo.service.EmployeeService  : deleteEmployee
2021-07-07 15:12:25.071  INFO 7076 --- [main] c.cg.spring.boot.demo.ApplicationTests   : Starting ApplicationTests using Java 16.0.1 on Hp with PID 7076 (started by Sangamesh in C:\Users\Sangamesh\Documents\workspace-spring-tool-suite-4-4.11.0.RELEASE\com.cg.spring.boot.demo.june2021-main)
2021-07-07 15:12:25.077  INFO 7076 --- [main] c.cg.spring.boot.demo.ApplicationTests   : No active profile set, falling back to default profiles: default
2021-07-07 15:12:27.991  INFO 7076 --- [main] .s.d.r.c.RepositoryConfigurationDelegate : Bootstrapping Spring Data JPA repositories in DEFAULT mode.
2021-07-07 15:12:28.172  INFO 7076 --- [main] .s.d.r.c.RepositoryConfigurationDelegate : Finished Spring Data repository scanning in 162 ms. Found 1 JPA repository interfaces.
2021-07-07 15:12:33.133  INFO 7076 --- [main] o.hibernate.jpa.internal.util.LogHelper  : HHH000204: Processing PersistenceUnitInfo [name: default]
2021-07-07 15:12:34.302  INFO 7076 --- [main] org.hibernate.Version                    : HHH000412: Hibernate ORM core version 5.4.32.Final
2021-07-07 15:12:38.102  INFO 7076 --- [main] o.hibernate.annotations.common.Version   : HCANN000001: Hibernate Commons Annotations {5.1.2.Final}
2021-07-07 15:12:39.074  INFO 7076 --- [main] com.zaxxer.hikari.HikariDataSource       : HikariPool-1 - Starting...
2021-07-07 15:12:39.682  INFO 7076 --- [main] com.zaxxer.hikari.HikariDataSource       : HikariPool-1 - Start completed.
2021-07-07 15:12:40.222  INFO 7076 --- [main] org.hibernate.dialect.Dialect            : HHH000400: Using dialect: org.hibernate.dialect.PostgreSQLDialect
2021-07-07 15:12:58.159  INFO 7076 --- [main] o.h.e.t.j.p.i.JtaPlatformInitiator       : HHH000490: Using JtaPlatform implementation: [org.hibernate.engine.transaction.jta.platform.internal.NoJtaPlatform]
2021-07-07 15:12:58.244  INFO 7076 --- [main] j.LocalContainerEntityManagerFactoryBean : Initialized JPA EntityManagerFactory for persistence unit 'default'
2021-07-07 15:13:00.708  WARN 7076 --- [main] JpaBaseConfiguration$JpaWebConfiguration : spring.jpa.open-in-view is enabled by default. Therefore, database queries may be performed during view rendering. Explicitly configure spring.jpa.open-in-view to disable this warning
2021-07-07 15:13:01.710  INFO 7076 --- [main] pertySourcedRequestMappingHandlerMapping : Mapped URL path [/v2/api-docs] onto method [springfox.documentation.swagger2.web.Swagger2Controller#getDocumentation(String, HttpServletRequest)]
2021-07-07 15:13:01.721  INFO 7076 --- [main] com.cg.spring.boot.demo.SwaggerConfig    : Docket api
2021-07-07 15:13:04.267  INFO 7076 --- [main] d.s.w.p.DocumentationPluginsBootstrapper : Context refreshed
2021-07-07 15:13:04.389  INFO 7076 --- [main] d.s.w.p.DocumentationPluginsBootstrapper : Found 1 custom documentation plugin(s)
2021-07-07 15:13:04.445  INFO 7076 --- [main] s.d.s.w.s.ApiListingReferenceScanner     : Scanning for api listing references
2021-07-07 15:13:05.114  INFO 7076 --- [main] c.cg.spring.boot.demo.ApplicationTests   : Started ApplicationTests in 41.359 seconds (JVM running for 46.933)
2021-07-07 15:13:06.703  INFO 7076 --- [main] c.cg.spring.boot.demo.ApplicationTests   : testHello
2021-07-07 15:13:06.704  INFO 7076 --- [main] com.cg.spring.boot.demo.Hello            : Hello world! INFO
2021-07-07 15:13:06.833  INFO 7076 --- [SpringApplicationShutdownHook] j.LocalContainerEntityManagerFactoryBean : Closing JPA EntityManagerFactory for persistence unit 'default'
2021-07-07 15:13:06.855  INFO 7076 --- [SpringApplicationShutdownHook] com.zaxxer.hikari.HikariDataSource       : HikariPool-1 - Shutdown initiated...
2021-07-07 15:13:06.866  INFO 7076 --- [SpringApplicationShutdownHook] com.zaxxer.hikari.HikariDataSource       : HikariPool-1 - Shutdown completed.
2021-07-07 15:27:25.568  INFO 800 --- [main] c.cg.spring.boot.demo.ApplicationTests   : Starting ApplicationTests using Java 16.0.1 on Hp with PID 800 (started by Sangamesh in C:\Users\Sangamesh\Documents\workspace-spring-tool-suite-4-4.11.0.RELEASE\com.cg.spring.boot.demo.june2021-main)
2021-07-07 15:27:25.595  INFO 800 --- [main] c.cg.spring.boot.demo.ApplicationTests   : No active profile set, falling back to default profiles: default
2021-07-07 15:27:31.999  INFO 800 --- [main] .s.d.r.c.RepositoryConfigurationDelegate : Bootstrapping Spring Data JPA repositories in DEFAULT mode.
2021-07-07 15:27:32.394  INFO 800 --- [main] .s.d.r.c.RepositoryConfigurationDelegate : Finished Spring Data repository scanning in 299 ms. Found 1 JPA repository interfaces.
2021-07-07 15:27:38.638  INFO 800 --- [main] o.hibernate.jpa.internal.util.LogHelper  : HHH000204: Processing PersistenceUnitInfo [name: default]
2021-07-07 15:27:39.368  INFO 800 --- [main] org.hibernate.Version                    : HHH000412: Hibernate ORM core version 5.4.32.Final
2021-07-07 15:27:40.943  INFO 800 --- [main] o.hibernate.annotations.common.Version   : HCANN000001: Hibernate Commons Annotations {5.1.2.Final}
2021-07-07 15:27:41.745  INFO 800 --- [main] com.zaxxer.hikari.HikariDataSource       : HikariPool-1 - Starting...
2021-07-07 15:27:42.755  INFO 800 --- [main] com.zaxxer.hikari.HikariDataSource       : HikariPool-1 - Start completed.
2021-07-07 15:27:43.107  INFO 800 --- [main] org.hibernate.dialect.Dialect            : HHH000400: Using dialect: org.hibernate.dialect.PostgreSQLDialect
2021-07-07 15:27:48.429  INFO 800 --- [main] o.h.e.t.j.p.i.JtaPlatformInitiator       : HHH000490: Using JtaPlatform implementation: [org.hibernate.engine.transaction.jta.platform.internal.NoJtaPlatform]
2021-07-07 15:27:48.482  INFO 800 --- [main] j.LocalContainerEntityManagerFactoryBean : Initialized JPA EntityManagerFactory for persistence unit 'default'
2021-07-07 15:27:53.634  WARN 800 --- [main] JpaBaseConfiguration$JpaWebConfiguration : spring.jpa.open-in-view is enabled by default. Therefore, database queries may be performed during view rendering. Explicitly configure spring.jpa.open-in-view to disable this warning
2021-07-07 15:27:55.519  INFO 800 --- [main] pertySourcedRequestMappingHandlerMapping : Mapped URL path [/v2/api-docs] onto method [springfox.documentation.swagger2.web.Swagger2Controller#getDocumentation(String, HttpServletRequest)]
2021-07-07 15:27:55.541  INFO 800 --- [main] com.cg.spring.boot.demo.SwaggerConfig    : Docket api
2021-07-07 15:27:59.706  INFO 800 --- [main] d.s.w.p.DocumentationPluginsBootstrapper : Context refreshed
2021-07-07 15:27:59.919  INFO 800 --- [main] d.s.w.p.DocumentationPluginsBootstrapper : Found 1 custom documentation plugin(s)
2021-07-07 15:28:00.111  INFO 800 --- [main] s.d.s.w.s.ApiListingReferenceScanner     : Scanning for api listing references
2021-07-07 15:28:01.309  INFO 800 --- [main] c.cg.spring.boot.demo.ApplicationTests   : Started ApplicationTests in 38.037 seconds (JVM running for 44.549)
2021-07-07 15:28:02.898  INFO 800 --- [main] c.cg.spring.boot.demo.ApplicationTests   : testHello
2021-07-07 15:28:02.900  INFO 800 --- [main] com.cg.spring.boot.demo.Hello            : Hello world! INFO
2021-07-07 15:28:03.017  INFO 800 --- [main] c.cg.spring.boot.demo.ApplicationTests   : testHello
2021-07-07 15:28:03.018  INFO 800 --- [main] com.cg.spring.boot.demo.Hello            : Hello world! INFO
2021-07-07 15:28:03.191  INFO 800 --- [SpringApplicationShutdownHook] j.LocalContainerEntityManagerFactoryBean : Closing JPA EntityManagerFactory for persistence unit 'default'
2021-07-07 15:28:03.201  INFO 800 --- [SpringApplicationShutdownHook] com.zaxxer.hikari.HikariDataSource       : HikariPool-1 - Shutdown initiated...
2021-07-07 15:28:03.254  INFO 800 --- [SpringApplicationShutdownHook] com.zaxxer.hikari.HikariDataSource       : HikariPool-1 - Shutdown completed.
2021-07-07 15:30:43.469  INFO 2016 --- [main] c.cg.spring.boot.demo.ApplicationTests   : Starting ApplicationTests using Java 16.0.1 on Hp with PID 2016 (started by Sangamesh in C:\Users\Sangamesh\Documents\workspace-spring-tool-suite-4-4.11.0.RELEASE\com.cg.spring.boot.demo.june2021-main)
2021-07-07 15:30:43.476  INFO 2016 --- [main] c.cg.spring.boot.demo.ApplicationTests   : No active profile set, falling back to default profiles: default
2021-07-07 15:30:46.468  INFO 2016 --- [main] .s.d.r.c.RepositoryConfigurationDelegate : Bootstrapping Spring Data JPA repositories in DEFAULT mode.
2021-07-07 15:30:46.621  INFO 2016 --- [main] .s.d.r.c.RepositoryConfigurationDelegate : Finished Spring Data repository scanning in 130 ms. Found 1 JPA repository interfaces.
2021-07-07 15:30:48.752  INFO 2016 --- [main] o.hibernate.jpa.internal.util.LogHelper  : HHH000204: Processing PersistenceUnitInfo [name: default]
2021-07-07 15:30:49.003  INFO 2016 --- [main] org.hibernate.Version                    : HHH000412: Hibernate ORM core version 5.4.32.Final
2021-07-07 15:30:49.491  INFO 2016 --- [main] o.hibernate.annotations.common.Version   : HCANN000001: Hibernate Commons Annotations {5.1.2.Final}
2021-07-07 15:30:49.872  INFO 2016 --- [main] com.zaxxer.hikari.HikariDataSource       : HikariPool-1 - Starting...
2021-07-07 15:30:50.402  INFO 2016 --- [main] com.zaxxer.hikari.HikariDataSource       : HikariPool-1 - Start completed.
2021-07-07 15:30:50.440  INFO 2016 --- [main] org.hibernate.dialect.Dialect            : HHH000400: Using dialect: org.hibernate.dialect.PostgreSQLDialect
2021-07-07 15:30:52.596  INFO 2016 --- [main] o.h.e.t.j.p.i.JtaPlatformInitiator       : HHH000490: Using JtaPlatform implementation: [org.hibernate.engine.transaction.jta.platform.internal.NoJtaPlatform]
2021-07-07 15:30:52.623  INFO 2016 --- [main] j.LocalContainerEntityManagerFactoryBean : Initialized JPA EntityManagerFactory for persistence unit 'default'
2021-07-07 15:30:55.232  WARN 2016 --- [main] JpaBaseConfiguration$JpaWebConfiguration : spring.jpa.open-in-view is enabled by default. Therefore, database queries may be performed during view rendering. Explicitly configure spring.jpa.open-in-view to disable this warning
2021-07-07 15:30:56.254  INFO 2016 --- [main] pertySourcedRequestMappingHandlerMapping : Mapped URL path [/v2/api-docs] onto method [springfox.documentation.swagger2.web.Swagger2Controller#getDocumentation(String, HttpServletRequest)]
2021-07-07 15:30:56.266  INFO 2016 --- [main] com.cg.spring.boot.demo.SwaggerConfig    : Docket api
2021-07-07 15:30:57.921  INFO 2016 --- [main] d.s.w.p.DocumentationPluginsBootstrapper : Context refreshed
2021-07-07 15:30:57.994  INFO 2016 --- [main] d.s.w.p.DocumentationPluginsBootstrapper : Found 1 custom documentation plugin(s)
2021-07-07 15:30:58.090  INFO 2016 --- [main] s.d.s.w.s.ApiListingReferenceScanner     : Scanning for api listing references
2021-07-07 15:30:58.595  INFO 2016 --- [main] c.cg.spring.boot.demo.ApplicationTests   : Started ApplicationTests in 16.278 seconds (JVM running for 19.498)
2021-07-07 15:30:59.133  INFO 2016 --- [main] c.cg.spring.boot.demo.ApplicationTests   : testHello
2021-07-07 15:30:59.134  INFO 2016 --- [main] com.cg.spring.boot.demo.Hello            : Hello world! INFO
2021-07-07 15:30:59.262  INFO 2016 --- [main] c.cg.spring.boot.demo.ApplicationTests   : testHello
2021-07-07 15:30:59.263  INFO 2016 --- [main] com.cg.spring.boot.demo.Hello            : Hello world! INFO
2021-07-07 15:30:59.294  INFO 2016 --- [SpringApplicationShutdownHook] j.LocalContainerEntityManagerFactoryBean : Closing JPA EntityManagerFactory for persistence unit 'default'
2021-07-07 15:30:59.298  INFO 2016 --- [SpringApplicationShutdownHook] com.zaxxer.hikari.HikariDataSource       : HikariPool-1 - Shutdown initiated...
2021-07-07 15:30:59.317  INFO 2016 --- [SpringApplicationShutdownHook] com.zaxxer.hikari.HikariDataSource       : HikariPool-1 - Shutdown completed.
2021-07-07 16:25:14.611  INFO 8576 --- [main] c.cg.spring.boot.demo.ApplicationTests   : Starting ApplicationTests using Java 16.0.1 on Hp with PID 8576 (started by Sangamesh in C:\Users\Sangamesh\Documents\workspace-spring-tool-suite-4-4.11.0.RELEASE\com.cg.spring.boot.demo.june2021-main)
2021-07-07 16:25:14.669  INFO 8576 --- [main] c.cg.spring.boot.demo.ApplicationTests   : No active profile set, falling back to default profiles: default
2021-07-07 16:25:21.107  INFO 8576 --- [main] .s.d.r.c.RepositoryConfigurationDelegate : Bootstrapping Spring Data JPA repositories in DEFAULT mode.
2021-07-07 16:25:21.273  INFO 8576 --- [main] .s.d.r.c.RepositoryConfigurationDelegate : Finished Spring Data repository scanning in 136 ms. Found 1 JPA repository interfaces.
2021-07-07 16:25:24.482  INFO 8576 --- [main] o.hibernate.jpa.internal.util.LogHelper  : HHH000204: Processing PersistenceUnitInfo [name: default]
2021-07-07 16:25:25.161  INFO 8576 --- [main] org.hibernate.Version                    : HHH000412: Hibernate ORM core version 5.4.32.Final
2021-07-07 16:25:26.238  INFO 8576 --- [main] o.hibernate.annotations.common.Version   : HCANN000001: Hibernate Commons Annotations {5.1.2.Final}
2021-07-07 16:25:26.950  INFO 8576 --- [main] com.zaxxer.hikari.HikariDataSource       : HikariPool-1 - Starting...
2021-07-07 16:25:28.139  INFO 8576 --- [main] com.zaxxer.hikari.HikariDataSource       : HikariPool-1 - Start completed.
2021-07-07 16:25:28.284  INFO 8576 --- [main] org.hibernate.dialect.Dialect            : HHH000400: Using dialect: org.hibernate.dialect.PostgreSQLDialect
2021-07-07 16:25:31.606  INFO 8576 --- [main] o.h.e.t.j.p.i.JtaPlatformInitiator       : HHH000490: Using JtaPlatform implementation: [org.hibernate.engine.transaction.jta.platform.internal.NoJtaPlatform]
2021-07-07 16:25:31.649  INFO 8576 --- [main] j.LocalContainerEntityManagerFactoryBean : Initialized JPA EntityManagerFactory for persistence unit 'default'
2021-07-07 16:25:34.461  WARN 8576 --- [main] JpaBaseConfiguration$JpaWebConfiguration : spring.jpa.open-in-view is enabled by default. Therefore, database queries may be performed during view rendering. Explicitly configure spring.jpa.open-in-view to disable this warning
2021-07-07 16:25:35.450  INFO 8576 --- [main] pertySourcedRequestMappingHandlerMapping : Mapped URL path [/v2/api-docs] onto method [springfox.documentation.swagger2.web.Swagger2Controller#getDocumentation(String, HttpServletRequest)]
2021-07-07 16:25:35.460  INFO 8576 --- [main] com.cg.spring.boot.demo.SwaggerConfig    : Docket api
2021-07-07 16:25:37.394  INFO 8576 --- [main] d.s.w.p.DocumentationPluginsBootstrapper : Context refreshed
2021-07-07 16:25:37.513  INFO 8576 --- [main] d.s.w.p.DocumentationPluginsBootstrapper : Found 1 custom documentation plugin(s)
2021-07-07 16:25:37.577  INFO 8576 --- [main] s.d.s.w.s.ApiListingReferenceScanner     : Scanning for api listing references
2021-07-07 16:25:38.159  INFO 8576 --- [main] c.cg.spring.boot.demo.ApplicationTests   : Started ApplicationTests in 26.005 seconds (JVM running for 37.556)
2021-07-07 16:25:39.351  INFO 8576 --- [main] c.cg.spring.boot.demo.ApplicationTests   : testHello
2021-07-07 16:25:39.352  INFO 8576 --- [main] com.cg.spring.boot.demo.Hello            : Hello world! INFO
2021-07-07 16:25:39.431  INFO 8576 --- [main] c.cg.spring.boot.demo.ApplicationTests   : testHello
2021-07-07 16:25:39.432  INFO 8576 --- [main] com.cg.spring.boot.demo.Hello            : Hello world! INFO
2021-07-07 16:25:39.475  INFO 8576 --- [SpringApplicationShutdownHook] j.LocalContainerEntityManagerFactoryBean : Closing JPA EntityManagerFactory for persistence unit 'default'
2021-07-07 16:25:39.479  INFO 8576 --- [SpringApplicationShutdownHook] com.zaxxer.hikari.HikariDataSource       : HikariPool-1 - Shutdown initiated...
2021-07-07 16:25:39.523  INFO 8576 --- [SpringApplicationShutdownHook] com.zaxxer.hikari.HikariDataSource       : HikariPool-1 - Shutdown completed.
2021-07-07 17:02:44.223  INFO 8584 --- [RMI TCP Connection(175)-127.0.0.1] inMXBeanRegistrar$SpringApplicationAdmin : Application shutdown requested.
2021-07-07 17:03:09.671  INFO 8584 --- [RMI TCP Connection(175)-127.0.0.1] j.LocalContainerEntityManagerFactoryBean : Closing JPA EntityManagerFactory for persistence unit 'default'
2021-07-07 17:03:14.866  INFO 8584 --- [RMI TCP Connection(175)-127.0.0.1] com.zaxxer.hikari.HikariDataSource       : HikariPool-1 - Shutdown initiated...
2021-07-07 17:03:17.285  INFO 8584 --- [RMI TCP Connection(175)-127.0.0.1] com.zaxxer.hikari.HikariDataSource       : HikariPool-1 - Shutdown completed.
